<?xml version="1.0" encoding="UTF-8"?>
<coverage generated="1687377183930" clover="3.2.0">
  <project timestamp="1687377183930" name="All files">
    <metrics statements="63" coveredstatements="61" conditionals="10" coveredconditionals="8" methods="25" coveredmethods="23" elements="98" coveredelements="92" complexity="0" loc="63" ncloc="63" packages="8" files="14" classes="14"/>
    <package name="components.applicationWrapper">
      <metrics statements="6" coveredstatements="6" conditionals="2" coveredconditionals="2" methods="3" coveredmethods="3"/>
      <file name="index.tsx" path="/Users/sivemwanda/Work/Assessments/diagonal/src/components/applicationWrapper/index.tsx">
        <metrics statements="1" coveredstatements="1" conditionals="0" coveredconditionals="0" methods="1" coveredmethods="1"/>
        <line num="15" count="2" type="stmt"/>
      </file>
      <file name="styles.ts" path="/Users/sivemwanda/Work/Assessments/diagonal/src/components/applicationWrapper/styles.ts">
        <metrics statements="5" coveredstatements="5" conditionals="2" coveredconditionals="2" methods="2" coveredmethods="2"/>
        <line num="1" count="1" type="stmt"/>
        <line num="4" count="1" type="stmt"/>
        <line num="10" count="2" type="stmt"/>
        <line num="11" count="2" type="cond" truecount="2" falsecount="0"/>
        <line num="14" count="1" type="stmt"/>
      </file>
    </package>
    <package name="components.movie">
      <metrics statements="11" coveredstatements="11" conditionals="0" coveredconditionals="0" methods="5" coveredmethods="5"/>
      <file name="index.tsx" path="/Users/sivemwanda/Work/Assessments/diagonal/src/components/movie/index.tsx">
        <metrics statements="1" coveredstatements="1" conditionals="0" coveredconditionals="0" methods="1" coveredmethods="1"/>
        <line num="15" count="22" type="stmt"/>
      </file>
      <file name="styles.ts" path="/Users/sivemwanda/Work/Assessments/diagonal/src/components/movie/styles.ts">
        <metrics statements="10" coveredstatements="10" conditionals="0" coveredconditionals="0" methods="4" coveredmethods="4"/>
        <line num="1" count="2" type="stmt"/>
        <line num="2" count="2" type="stmt"/>
        <line num="4" count="2" type="stmt"/>
        <line num="6" count="2" type="stmt"/>
        <line num="11" count="22" type="stmt"/>
        <line num="17" count="22" type="stmt"/>
        <line num="20" count="2" type="stmt"/>
        <line num="25" count="22" type="stmt"/>
        <line num="30" count="22" type="stmt"/>
        <line num="33" count="2" type="stmt"/>
      </file>
    </package>
    <package name="components.movies">
      <metrics statements="13" coveredstatements="13" conditionals="2" coveredconditionals="2" methods="6" coveredmethods="6"/>
      <file name="index.tsx" path="/Users/sivemwanda/Work/Assessments/diagonal/src/components/movies/index.tsx">
        <metrics statements="6" coveredstatements="6" conditionals="2" coveredconditionals="2" methods="5" coveredmethods="5"/>
        <line num="19" count="1" type="stmt"/>
        <line num="21" count="1" type="stmt"/>
        <line num="22" count="1" type="stmt"/>
        <line num="33" count="21" type="stmt"/>
        <line num="39" count="21" type="stmt"/>
        <line num="40" count="1" type="cond" truecount="2" falsecount="0"/>
      </file>
      <file name="styles.ts" path="/Users/sivemwanda/Work/Assessments/diagonal/src/components/movies/styles.ts">
        <metrics statements="3" coveredstatements="3" conditionals="0" coveredconditionals="0" methods="0" coveredmethods="0"/>
        <line num="1" count="1" type="stmt"/>
        <line num="3" count="1" type="stmt"/>
        <line num="5" count="1" type="stmt"/>
      </file>
      <file name="utils.ts" path="/Users/sivemwanda/Work/Assessments/diagonal/src/components/movies/utils.ts">
        <metrics statements="4" coveredstatements="4" conditionals="0" coveredconditionals="0" methods="1" coveredmethods="1"/>
        <line num="1" count="1" type="stmt"/>
        <line num="2" count="21" type="stmt"/>
        <line num="4" count="21" type="stmt"/>
        <line num="7" count="1" type="stmt"/>
      </file>
    </package>
    <package name="components.navBar">
      <metrics statements="20" coveredstatements="18" conditionals="4" coveredconditionals="2" methods="6" coveredmethods="4"/>
      <file name="index.tsx" path="/Users/sivemwanda/Work/Assessments/diagonal/src/components/navBar/index.tsx">
        <metrics statements="7" coveredstatements="7" conditionals="4" coveredconditionals="2" methods="4" coveredmethods="4"/>
        <line num="24" count="1" type="stmt"/>
        <line num="26" count="1" type="stmt"/>
        <line num="28" count="1" type="stmt"/>
        <line num="29" count="1" type="stmt"/>
        <line num="30" count="1" type="stmt"/>
        <line num="33" count="1" type="stmt"/>
        <line num="47" count="1" type="stmt"/>
      </file>
      <file name="styles.ts" path="/Users/sivemwanda/Work/Assessments/diagonal/src/components/navBar/styles.ts">
        <metrics statements="13" coveredstatements="11" conditionals="0" coveredconditionals="0" methods="2" coveredmethods="0"/>
        <line num="1" count="1" type="stmt"/>
        <line num="3" count="1" type="stmt"/>
        <line num="11" count="1" type="stmt"/>
        <line num="16" count="0" type="stmt"/>
        <line num="22" count="0" type="stmt"/>
        <line num="25" count="1" type="stmt"/>
        <line num="27" count="1" type="stmt"/>
        <line num="32" count="1" type="stmt"/>
        <line num="37" count="1" type="stmt"/>
        <line num="38" count="1" type="stmt"/>
        <line num="39" count="1" type="stmt"/>
        <line num="40" count="1" type="stmt"/>
        <line num="41" count="1" type="stmt"/>
      </file>
    </package>
    <package name="components.textField">
      <metrics statements="6" coveredstatements="6" conditionals="0" coveredconditionals="0" methods="2" coveredmethods="2"/>
      <file name="index.tsx" path="/Users/sivemwanda/Work/Assessments/diagonal/src/components/textField/index.tsx">
        <metrics statements="2" coveredstatements="2" conditionals="0" coveredconditionals="0" methods="1" coveredmethods="1"/>
        <line num="19" count="2" type="stmt"/>
        <line num="20" count="2" type="stmt"/>
      </file>
      <file name="styles.ts" path="/Users/sivemwanda/Work/Assessments/diagonal/src/components/textField/styles.ts">
        <metrics statements="4" coveredstatements="4" conditionals="0" coveredconditionals="0" methods="1" coveredmethods="1"/>
        <line num="1" count="2" type="stmt"/>
        <line num="3" count="2" type="stmt"/>
        <line num="6" count="2" type="stmt"/>
        <line num="10" count="2" type="stmt"/>
      </file>
    </package>
    <package name="context">
      <metrics statements="3" coveredstatements="3" conditionals="0" coveredconditionals="0" methods="1" coveredmethods="1"/>
      <file name="useAppContext.ts" path="/Users/sivemwanda/Work/Assessments/diagonal/src/context/useAppContext.ts">
        <metrics statements="3" coveredstatements="3" conditionals="0" coveredconditionals="0" methods="1" coveredmethods="1"/>
        <line num="1" count="5" type="stmt"/>
        <line num="2" count="5" type="stmt"/>
        <line num="5" count="5" type="stmt"/>
      </file>
    </package>
    <package name="hooks.useMovies">
      <metrics statements="1" coveredstatements="1" conditionals="0" coveredconditionals="0" methods="0" coveredmethods="0"/>
      <file name="mockData.ts" path="/Users/sivemwanda/Work/Assessments/diagonal/src/hooks/useMovies/mockData.ts">
        <metrics statements="1" coveredstatements="1" conditionals="0" coveredconditionals="0" methods="0" coveredmethods="0"/>
        <line num="1" count="2" type="stmt"/>
      </file>
    </package>
    <package name="hooks.useTestComponentWithTheme">
      <metrics statements="3" coveredstatements="3" conditionals="2" coveredconditionals="2" methods="2" coveredmethods="2"/>
      <file name="index.tsx" path="/Users/sivemwanda/Work/Assessments/diagonal/src/hooks/useTestComponentWithTheme/index.tsx">
        <metrics statements="3" coveredstatements="3" conditionals="2" coveredconditionals="2" methods="2" coveredmethods="2"/>
        <line num="9" count="5" type="stmt"/>
        <line num="10" count="6" type="cond" truecount="2" falsecount="0"/>
        <line num="20" count="5" type="stmt"/>
      </file>
    </package>
  </project>
</coverage>
