{"/Users/sivemwanda/Work/Assessments/diagonal/src/components/applicationWrapper/index.tsx": {"path":"/Users/sivemwanda/Work/Assessments/diagonal/src/components/applicationWrapper/index.tsx","statementMap":{"0":{"start":{"line":15,"column":2},"end":{"line":19,"column":4}}},"fnMap":{"0":{"name":"ApplicationWrapper","decl":{"start":{"line":11,"column":9},"end":{"line":11,"column":27}},"loc":{"start":{"line":14,"column":42},"end":{"line":20,"column":1}},"line":14}},"branchMap":{},"s":{"0":2},"f":{"0":2},"b":{},"_coverageSchema":"1a1c01bbd47fc00a2c39e90264f33305004495a9","hash":"2113eec3235fb00a978eeaf07274396478a05ed2"}
,"/Users/sivemwanda/Work/Assessments/diagonal/src/components/applicationWrapper/styles.ts": {"path":"/Users/sivemwanda/Work/Assessments/diagonal/src/components/applicationWrapper/styles.ts","statementMap":{"0":{"start":{"line":1,"column":0},"end":{"line":1,"column":46}},"1":{"start":{"line":4,"column":33},"end":{"line":12,"column":2}},"2":{"start":{"line":10,"column":8},"end":{"line":10,"column":18}},"3":{"start":{"line":11,"column":34},"end":{"line":11,"column":57}},"4":{"start":{"line":14,"column":9},"end":{"line":14,"column":33}}},"fnMap":{"0":{"name":"(anonymous_1)","decl":{"start":{"line":6,"column":22},"end":{"line":6,"column":23}},"loc":{"start":{"line":10,"column":8},"end":{"line":10,"column":18}}},"1":{"name":"(anonymous_2)","decl":{"start":{"line":11,"column":13},"end":{"line":11,"column":14}},"loc":{"start":{"line":11,"column":34},"end":{"line":11,"column":57}}}},"branchMap":{"0":{"loc":{"start":{"line":11,"column":34},"end":{"line":11,"column":57}},"type":"cond-expr","locations":[{"start":{"line":11,"column":47},"end":{"line":11,"column":53}},{"start":{"line":11,"column":56},"end":{"line":11,"column":57}}]}},"s":{"0":1,"1":1,"2":2,"3":2,"4":1},"f":{"0":2,"1":2},"b":{"0":[1,1]}}
,"/Users/sivemwanda/Work/Assessments/diagonal/src/components/movie/index.tsx": {"path":"/Users/sivemwanda/Work/Assessments/diagonal/src/components/movie/index.tsx","statementMap":{"0":{"start":{"line":15,"column":2},"end":{"line":23,"column":4}}},"fnMap":{"0":{"name":"Movie","decl":{"start":{"line":14,"column":9},"end":{"line":14,"column":14}},"loc":{"start":{"line":14,"column":58},"end":{"line":24,"column":1}},"line":14}},"branchMap":{},"s":{"0":22},"f":{"0":22},"b":{},"_coverageSchema":"1a1c01bbd47fc00a2c39e90264f33305004495a9","hash":"999c72ce7a472774cfa1ae1cab8d474d3ea6ebb5"}
,"/Users/sivemwanda/Work/Assessments/diagonal/src/components/movie/styles.ts": {"path":"/Users/sivemwanda/Work/Assessments/diagonal/src/components/movie/styles.ts","statementMap":{"0":{"start":{"line":1,"column":0},"end":{"line":1,"column":38}},"1":{"start":{"line":2,"column":0},"end":{"line":2,"column":46}},"2":{"start":{"line":4,"column":20},"end":{"line":4,"column":33}},"3":{"start":{"line":33,"column":9},"end":{"line":33,"column":20}},"4":{"start":{"line":6,"column":25},"end":{"line":18,"column":2}},"5":{"start":{"line":11,"column":8},"end":{"line":11,"column":37}},"6":{"start":{"line":17,"column":8},"end":{"line":17,"column":42}},"7":{"start":{"line":33,"column":22},"end":{"line":33,"column":38}},"8":{"start":{"line":20,"column":24},"end":{"line":31,"column":2}},"9":{"start":{"line":25,"column":8},"end":{"line":25,"column":13}},"10":{"start":{"line":30,"column":8},"end":{"line":30,"column":24}},"11":{"start":{"line":33,"column":40},"end":{"line":33,"column":55}}},"fnMap":{"0":{"name":"(anonymous_1)","decl":{"start":{"line":7,"column":11},"end":{"line":7,"column":12}},"loc":{"start":{"line":11,"column":8},"end":{"line":11,"column":37}}},"1":{"name":"(anonymous_2)","decl":{"start":{"line":13,"column":12},"end":{"line":13,"column":13}},"loc":{"start":{"line":17,"column":8},"end":{"line":17,"column":42}}},"2":{"name":"(anonymous_3)","decl":{"start":{"line":21,"column":11},"end":{"line":21,"column":12}},"loc":{"start":{"line":25,"column":8},"end":{"line":25,"column":13}}},"3":{"name":"(anonymous_4)","decl":{"start":{"line":26,"column":17},"end":{"line":26,"column":18}},"loc":{"start":{"line":30,"column":8},"end":{"line":30,"column":24}}}},"branchMap":{},"s":{"0":2,"1":2,"2":2,"3":2,"4":2,"5":22,"6":22,"7":2,"8":2,"9":22,"10":22,"11":2},"f":{"0":22,"1":22,"2":22,"3":22},"b":{}}
,"/Users/sivemwanda/Work/Assessments/diagonal/src/components/movies/index.tsx": {"path":"/Users/sivemwanda/Work/Assessments/diagonal/src/components/movies/index.tsx","statementMap":{"0":{"start":{"line":19,"column":6},"end":{"line":19,"column":21}},"1":{"start":{"line":21,"column":2},"end":{"line":21,"column":32}},"2":{"start":{"line":22,"column":2},"end":{"line":44,"column":4}},"3":{"start":{"line":33,"column":10},"end":{"line":37,"column":12}},"4":{"start":{"line":39,"column":32},"end":{"line":39,"column":50}},"5":{"start":{"line":40,"column":28},"end":{"line":40,"column":60}}},"fnMap":{"0":{"name":"Movies","decl":{"start":{"line":15,"column":9},"end":{"line":15,"column":15}},"loc":{"start":{"line":15,"column":60},"end":{"line":45,"column":1}},"line":15},"1":{"name":"(anonymous_1)","decl":{"start":{"line":21,"column":12},"end":{"line":21,"column":13}},"loc":{"start":{"line":21,"column":18},"end":{"line":21,"column":20}},"line":21},"2":{"name":"(anonymous_2)","decl":{"start":{"line":32,"column":20},"end":{"line":32,"column":21}},"loc":{"start":{"line":33,"column":10},"end":{"line":37,"column":12}},"line":33},"3":{"name":"(anonymous_3)","decl":{"start":{"line":39,"column":22},"end":{"line":39,"column":23}},"loc":{"start":{"line":39,"column":32},"end":{"line":39,"column":50}},"line":39},"4":{"name":"(anonymous_4)","decl":{"start":{"line":40,"column":22},"end":{"line":40,"column":23}},"loc":{"start":{"line":40,"column":28},"end":{"line":40,"column":60}},"line":40}},"branchMap":{"0":{"loc":{"start":{"line":40,"column":28},"end":{"line":40,"column":60}},"type":"binary-expr","locations":[{"start":{"line":40,"column":28},"end":{"line":40,"column":43}},{"start":{"line":40,"column":47},"end":{"line":40,"column":60}}],"line":40}},"s":{"0":1,"1":1,"2":1,"3":21,"4":21,"5":1},"f":{"0":1,"1":1,"2":21,"3":21,"4":1},"b":{"0":[1,1]},"_coverageSchema":"1a1c01bbd47fc00a2c39e90264f33305004495a9","hash":"add362df63d71e22a5bcbb6585cbbbd1bf0da0a0"}
,"/Users/sivemwanda/Work/Assessments/diagonal/src/components/movies/styles.ts": {"path":"/Users/sivemwanda/Work/Assessments/diagonal/src/components/movies/styles.ts","statementMap":{"0":{"start":{"line":1,"column":0},"end":{"line":1,"column":46}},"1":{"start":{"line":3,"column":21},"end":{"line":3,"column":34}},"2":{"start":{"line":5,"column":9},"end":{"line":5,"column":21}}},"fnMap":{},"branchMap":{},"s":{"0":1,"1":1,"2":1},"f":{},"b":{}}
,"/Users/sivemwanda/Work/Assessments/diagonal/src/components/movies/utils.ts": {"path":"/Users/sivemwanda/Work/Assessments/diagonal/src/components/movies/utils.ts","statementMap":{"0":{"start":{"line":1,"column":29},"end":{"line":5,"column":1}},"1":{"start":{"line":2,"column":26},"end":{"line":2,"column":42}},"2":{"start":{"line":4,"column":2},"end":{"line":4,"column":53}},"3":{"start":{"line":7,"column":9},"end":{"line":7,"column":29}}},"fnMap":{"0":{"name":"(anonymous_0)","decl":{"start":{"line":1,"column":29},"end":{"line":1,"column":30}},"loc":{"start":{"line":1,"column":51},"end":{"line":5,"column":1}}}},"branchMap":{},"s":{"0":1,"1":21,"2":21,"3":1},"f":{"0":21},"b":{}}
,"/Users/sivemwanda/Work/Assessments/diagonal/src/components/navBar/index.tsx": {"path":"/Users/sivemwanda/Work/Assessments/diagonal/src/components/navBar/index.tsx","statementMap":{"0":{"start":{"line":24,"column":6},"end":{"line":24,"column":21}},"1":{"start":{"line":26,"column":23},"end":{"line":26,"column":64}},"2":{"start":{"line":26,"column":41},"end":{"line":26,"column":64}},"3":{"start":{"line":28,"column":29},"end":{"line":31,"column":3}},"4":{"start":{"line":29,"column":4},"end":{"line":29,"column":26}},"5":{"start":{"line":30,"column":4},"end":{"line":30,"column":19}},"6":{"start":{"line":33,"column":2},"end":{"line":59,"column":4}},"7":{"start":{"line":47,"column":23},"end":{"line":47,"column":43}}},"fnMap":{"0":{"name":"NavBar","decl":{"start":{"line":20,"column":9},"end":{"line":20,"column":15}},"loc":{"start":{"line":20,"column":67},"end":{"line":60,"column":1}},"line":20},"1":{"name":"(anonymous_1)","decl":{"start":{"line":26,"column":23},"end":{"line":26,"column":24}},"loc":{"start":{"line":26,"column":41},"end":{"line":26,"column":64}},"line":26},"2":{"name":"(anonymous_2)","decl":{"start":{"line":28,"column":29},"end":{"line":28,"column":30}},"loc":{"start":{"line":28,"column":35},"end":{"line":31,"column":3}},"line":28},"3":{"name":"(anonymous_3)","decl":{"start":{"line":47,"column":17},"end":{"line":47,"column":18}},"loc":{"start":{"line":47,"column":23},"end":{"line":47,"column":43}},"line":47}},"branchMap":{"0":{"loc":{"start":{"line":35,"column":7},"end":{"line":45,"column":7}},"type":"cond-expr","locations":[{"start":{"line":36,"column":8},"end":{"line":42,"column":30}},{"start":{"line":44,"column":8},"end":{"line":44,"column":54}}],"line":35},"1":{"loc":{"start":{"line":53,"column":15},"end":{"line":53,"column":51}},"type":"cond-expr","locations":[{"start":{"line":53,"column":33},"end":{"line":53,"column":41}},{"start":{"line":53,"column":44},"end":{"line":53,"column":51}}],"line":53}},"s":{"0":1,"1":1,"2":1,"3":1,"4":1,"5":1,"6":1,"7":1},"f":{"0":1,"1":1,"2":1,"3":1},"b":{"0":[1,0],"1":[0,1]},"_coverageSchema":"1a1c01bbd47fc00a2c39e90264f33305004495a9","hash":"07c3366fb10e52413f95df4c340c2e6dc18d3b4b"}
,"/Users/sivemwanda/Work/Assessments/diagonal/src/components/navBar/styles.ts": {"path":"/Users/sivemwanda/Work/Assessments/diagonal/src/components/navBar/styles.ts","statementMap":{"0":{"start":{"line":1,"column":0},"end":{"line":1,"column":46}},"1":{"start":{"line":3,"column":21},"end":{"line":9,"column":2}},"2":{"start":{"line":37,"column":2},"end":{"line":37,"column":14}},"3":{"start":{"line":11,"column":26},"end":{"line":23,"column":2}},"4":{"start":{"line":16,"column":8},"end":{"line":16,"column":21}},"5":{"start":{"line":22,"column":8},"end":{"line":22,"column":13}},"6":{"start":{"line":38,"column":2},"end":{"line":38,"column":19}},"7":{"start":{"line":25,"column":27},"end":{"line":25,"column":52}},"8":{"start":{"line":39,"column":2},"end":{"line":39,"column":20}},"9":{"start":{"line":27,"column":31},"end":{"line":30,"column":2}},"10":{"start":{"line":40,"column":2},"end":{"line":40,"column":24}},"11":{"start":{"line":32,"column":28},"end":{"line":34,"column":2}},"12":{"start":{"line":41,"column":2},"end":{"line":41,"column":21}}},"fnMap":{"0":{"name":"(anonymous_1)","decl":{"start":{"line":12,"column":17},"end":{"line":12,"column":18}},"loc":{"start":{"line":16,"column":8},"end":{"line":16,"column":21}}},"1":{"name":"(anonymous_2)","decl":{"start":{"line":18,"column":11},"end":{"line":18,"column":12}},"loc":{"start":{"line":22,"column":8},"end":{"line":22,"column":13}}}},"branchMap":{},"s":{"0":1,"1":1,"2":1,"3":1,"4":0,"5":0,"6":1,"7":1,"8":1,"9":1,"10":1,"11":1,"12":1},"f":{"0":0,"1":0},"b":{}}
,"/Users/sivemwanda/Work/Assessments/diagonal/src/components/textField/index.tsx": {"path":"/Users/sivemwanda/Work/Assessments/diagonal/src/components/textField/index.tsx","statementMap":{"0":{"start":{"line":19,"column":6},"end":{"line":19,"column":16}},"1":{"start":{"line":20,"column":2},"end":{"line":28,"column":4}}},"fnMap":{"0":{"name":"TextField","decl":{"start":{"line":12,"column":9},"end":{"line":12,"column":18}},"loc":{"start":{"line":16,"column":33},"end":{"line":29,"column":1}},"line":16}},"branchMap":{},"s":{"0":2,"1":2},"f":{"0":2},"b":{},"_coverageSchema":"1a1c01bbd47fc00a2c39e90264f33305004495a9","hash":"913bd22e4294388e77e5d62dbf513b6855bd919e"}
,"/Users/sivemwanda/Work/Assessments/diagonal/src/components/textField/styles.ts": {"path":"/Users/sivemwanda/Work/Assessments/diagonal/src/components/textField/styles.ts","statementMap":{"0":{"start":{"line":1,"column":0},"end":{"line":1,"column":46}},"1":{"start":{"line":3,"column":24},"end":{"line":8,"column":2}},"2":{"start":{"line":6,"column":26},"end":{"line":6,"column":44}},"3":{"start":{"line":10,"column":9},"end":{"line":10,"column":24}}},"fnMap":{"0":{"name":"(anonymous_1)","decl":{"start":{"line":6,"column":11},"end":{"line":6,"column":12}},"loc":{"start":{"line":6,"column":26},"end":{"line":6,"column":44}}}},"branchMap":{},"s":{"0":2,"1":2,"2":2,"3":2},"f":{"0":2},"b":{}}
,"/Users/sivemwanda/Work/Assessments/diagonal/src/context/useAppContext.ts": {"path":"/Users/sivemwanda/Work/Assessments/diagonal/src/context/useAppContext.ts","statementMap":{"0":{"start":{"line":1,"column":0},"end":{"line":1,"column":35}},"1":{"start":{"line":2,"column":0},"end":{"line":2,"column":31}},"2":{"start":{"line":5,"column":29},"end":{"line":5,"column":75}},"3":{"start":{"line":5,"column":53},"end":{"line":5,"column":75}},"4":{"start":{"line":5,"column":13},"end":{"line":5,"column":29}}},"fnMap":{"0":{"name":"(anonymous_0)","decl":{"start":{"line":5,"column":29},"end":{"line":5,"column":50}},"loc":{"start":{"line":5,"column":53},"end":{"line":5,"column":75}}}},"branchMap":{},"s":{"0":5,"1":5,"2":5,"3":2,"4":5},"f":{"0":2},"b":{}}
,"/Users/sivemwanda/Work/Assessments/diagonal/src/hooks/useMovies/mockData.ts": {"path":"/Users/sivemwanda/Work/Assessments/diagonal/src/hooks/useMovies/mockData.ts","statementMap":{"0":{"start":{"line":1,"column":13},"end":{"line":301,"column":2}}},"fnMap":{},"branchMap":{},"s":{"0":2},"f":{},"b":{}}
,"/Users/sivemwanda/Work/Assessments/diagonal/src/hooks/useTestComponentWithTheme/index.tsx": {"path":"/Users/sivemwanda/Work/Assessments/diagonal/src/hooks/useTestComponentWithTheme/index.tsx","statementMap":{"0":{"start":{"line":9,"column":25},"end":{"line":18,"column":71}},"1":{"start":{"line":10,"column":4},"end":{"line":18,"column":71}},"2":{"start":{"line":20,"column":2},"end":{"line":20,"column":24}}},"fnMap":{"0":{"name":"useTestComponentWithTheme","decl":{"start":{"line":8,"column":9},"end":{"line":8,"column":34}},"loc":{"start":{"line":8,"column":69},"end":{"line":21,"column":1}},"line":8},"1":{"name":"(anonymous_1)","decl":{"start":{"line":9,"column":25},"end":{"line":9,"column":26}},"loc":{"start":{"line":10,"column":4},"end":{"line":18,"column":71}},"line":10}},"branchMap":{"0":{"loc":{"start":{"line":10,"column":4},"end":{"line":18,"column":71}},"type":"cond-expr","locations":[{"start":{"line":11,"column":8},"end":{"line":17,"column":9}},{"start":{"line":18,"column":8},"end":{"line":18,"column":71}}],"line":10}},"s":{"0":5,"1":6,"2":5},"f":{"0":5,"1":6},"b":{"0":[2,4]},"_coverageSchema":"1a1c01bbd47fc00a2c39e90264f33305004495a9","hash":"57dcb1bc24314c4856ee388923a77269793b4e05"}
}
