TN:
SF:src/components/applicationWrapper/index.tsx
FN:11,ApplicationWrapper
FNF:1
FNH:1
FNDA:2,ApplicationWrapper
DA:15,2
LF:1
LH:1
BRF:0
BRH:0
end_of_record
TN:
SF:src/components/applicationWrapper/styles.ts
FN:6,(anonymous_1)
FN:11,(anonymous_2)
FNF:2
FNH:2
FNDA:2,(anonymous_1)
FNDA:2,(anonymous_2)
DA:1,1
DA:4,1
DA:10,2
DA:11,2
DA:14,1
LF:5
LH:5
BRDA:11,0,0,1
BRDA:11,0,1,1
BRF:2
BRH:2
end_of_record
TN:
SF:src/components/movie/index.tsx
FN:14,Movie
FNF:1
FNH:1
FNDA:22,Movie
DA:15,22
LF:1
LH:1
BRF:0
BRH:0
end_of_record
TN:
SF:src/components/movie/styles.ts
FN:7,(anonymous_1)
FN:13,(anonymous_2)
FN:21,(anonymous_3)
FN:26,(anonymous_4)
FNF:4
FNH:4
FNDA:22,(anonymous_1)
FNDA:22,(anonymous_2)
FNDA:22,(anonymous_3)
FNDA:22,(anonymous_4)
DA:1,2
DA:2,2
DA:4,2
DA:6,2
DA:11,22
DA:17,22
DA:20,2
DA:25,22
DA:30,22
DA:33,2
LF:10
LH:10
BRF:0
BRH:0
end_of_record
TN:
SF:src/components/movies/index.tsx
FN:15,Movies
FN:21,(anonymous_1)
FN:32,(anonymous_2)
FN:39,(anonymous_3)
FN:40,(anonymous_4)
FNF:5
FNH:5
FNDA:1,Movies
FNDA:1,(anonymous_1)
FNDA:21,(anonymous_2)
FNDA:21,(anonymous_3)
FNDA:1,(anonymous_4)
DA:19,1
DA:21,1
DA:22,1
DA:33,21
DA:39,21
DA:40,1
LF:6
LH:6
BRDA:40,0,0,1
BRDA:40,0,1,1
BRF:2
BRH:2
end_of_record
TN:
SF:src/components/movies/styles.ts
FNF:0
FNH:0
DA:1,1
DA:3,1
DA:5,1
LF:3
LH:3
BRF:0
BRH:0
end_of_record
TN:
SF:src/components/movies/utils.ts
FN:1,(anonymous_0)
FNF:1
FNH:1
FNDA:21,(anonymous_0)
DA:1,1
DA:2,21
DA:4,21
DA:7,1
LF:4
LH:4
BRF:0
BRH:0
end_of_record
TN:
SF:src/components/navBar/index.tsx
FN:20,NavBar
FN:26,(anonymous_1)
FN:28,(anonymous_2)
FN:47,(anonymous_3)
FNF:4
FNH:4
FNDA:1,NavBar
FNDA:1,(anonymous_1)
FNDA:1,(anonymous_2)
FNDA:1,(anonymous_3)
DA:24,1
DA:26,1
DA:28,1
DA:29,1
DA:30,1
DA:33,1
DA:47,1
LF:7
LH:7
BRDA:35,0,0,1
BRDA:35,0,1,0
BRDA:53,1,0,0
BRDA:53,1,1,1
BRF:4
BRH:2
end_of_record
TN:
SF:src/components/navBar/styles.ts
FN:12,(anonymous_1)
FN:18,(anonymous_2)
FNF:2
FNH:0
FNDA:0,(anonymous_1)
FNDA:0,(anonymous_2)
DA:1,1
DA:3,1
DA:11,1
DA:16,0
DA:22,0
DA:25,1
DA:27,1
DA:32,1
DA:37,1
DA:38,1
DA:39,1
DA:40,1
DA:41,1
LF:13
LH:11
BRF:0
BRH:0
end_of_record
TN:
SF:src/components/textField/index.tsx
FN:12,TextField
FNF:1
FNH:1
FNDA:2,TextField
DA:19,2
DA:20,2
LF:2
LH:2
BRF:0
BRH:0
end_of_record
TN:
SF:src/components/textField/styles.ts
FN:6,(anonymous_1)
FNF:1
FNH:1
FNDA:2,(anonymous_1)
DA:1,2
DA:3,2
DA:6,2
DA:10,2
LF:4
LH:4
BRF:0
BRH:0
end_of_record
TN:
SF:src/context/useAppContext.ts
FN:5,(anonymous_0)
FNF:1
FNH:1
FNDA:2,(anonymous_0)
DA:1,5
DA:2,5
DA:5,5
LF:3
LH:3
BRF:0
BRH:0
end_of_record
TN:
SF:src/hooks/useMovies/mockData.ts
FNF:0
FNH:0
DA:1,2
LF:1
LH:1
BRF:0
BRH:0
end_of_record
TN:
SF:src/hooks/useTestComponentWithTheme/index.tsx
FN:8,useTestComponentWithTheme
FN:9,(anonymous_1)
FNF:2
FNH:2
FNDA:5,useTestComponentWithTheme
FNDA:6,(anonymous_1)
DA:9,5
DA:10,6
DA:20,5
LF:3
LH:3
BRDA:10,0,0,2
BRDA:10,0,1,4
BRF:2
BRH:2
end_of_record
